<?xml version="1.0" encoding="UTF-8"?>
<testsuite xmlns:xsi="http://www.w3.org/2001/XMLSchema-instance" xsi:noNamespaceSchemaLocation="https://maven.apache.org/surefire/maven-surefire-plugin/xsd/surefire-test-report-3.0.xsd" version="3.0" name="steps.RunTest" time="50.743" tests="3" errors="1" skipped="0" failures="1">
  <properties>
[...]
</properties>
  <testcase name=": I want to login with different credentials" classname="I want to test task six" time="31.533">
    <error type="org.openqa.selenium.TimeoutException"><![CDATA[org.openqa.selenium.TimeoutException: 
Expected condition failed: waiting for visibility of all elements located by By.xpath: //a [text() = 'Wyloguj'] (tried for 15 second(s) with 500 milliseconds interval)
Build info: version: '4.1.3', revision: '7b1ebf28ef'
System info: host: 'Kostiantyns-MacBook-Pro.local', ip: 'fe80:0:0:0:b1:d994:4a10:9ce4%en0', os.name: 'Mac OS X', os.arch: 'x86_64', os.version: '11.5.2', java.version: '17.0.1'
Driver info: org.openqa.selenium.chrome.ChromeDriver
Capabilities {acceptInsecureCerts: false, browserName: chrome, browserVersion: 100.0.4896.127, chrome: {chromedriverVersion: 100.0.4896.60 (6a5d10861ce8..., userDataDir: /var/folders/rp/64q7kqr11zx...}, goog:chromeOptions: {debuggerAddress: localhost:62663}, javascriptEnabled: true, networkConnectionEnabled: false, pageLoadStrategy: normal, platform: MAC, platformName: MAC, proxy: Proxy(), se:cdp: ws://localhost:62663/devtoo..., se:cdpVersion: 100.0.4896.127, setWindowRect: true, strictFileInteractability: false, timeouts: {implicit: 0, pageLoad: 300000, script: 30000}, unhandledPromptBehavior: dismiss and notify, webauthn:extension:credBlob: true, webauthn:extension:largeBlob: true, webauthn:virtualAuthenticators: true}
Session ID: 614a9bc9dec805da61100ca47a4e57f3
]]></error>
    <system-out><![CDATA[
Scenario: : I want to login with different credentials &amp#27;[90m# src/test/resources/task_six.feature:2&amp#27;[0m
  &amp#27;[32mGiven &amp#27;[0m&amp#27;[32mI go to main page&amp#27;[0m                              &amp#27;[90m# steps.MyStepdefs6.iGoToMainPage()&amp#27;[0m
  &amp#27;[32mWhen &amp#27;[0m&amp#27;[32mI select &amp#27;[0m&amp#27;[32m&amp#27;[1m"6"&amp#27;[0m&amp#27;[32m task&amp#27;[0m                               &amp#27;[90m# steps.MyStepdefs6.iSelectTask(java.lang.String)&amp#27;[0m
  &amp#27;[32mAnd &amp#27;[0m&amp#27;[32mI login as &amp#27;[0m&amp#27;[32m&amp#27;[1m"<login>"&amp#27;[0m&amp#27;[32m with password &amp#27;[0m&amp#27;[32m&amp#27;[1m"<password>"&amp#27;[0m  &amp#27;[90m# steps.MyStepdefs6.iLoginAsWithPassword(java.lang.String,java.lang.String)&amp#27;[0m
  &amp#27;[31mThen &amp#27;[0m&amp#27;[31mI should &amp#27;[0m&amp#27;[31m&amp#27;[1msee&amp#27;[0m&amp#27;[31m Wyloguj button&amp#27;[0m                     &amp#27;[90m# steps.MyStepdefs6.iShouldSeeButton(java.lang.String)&amp#27;[0m
      &amp#27;[31morg.openqa.selenium.TimeoutException: Expected condition failed: waiting for visibility of all elements located by By.xpath: //a [text() = 'Wyloguj'] (tried for 15 second(s) with 500 milliseconds interval)
Build info: version: '4.1.3', revision: '7b1ebf28ef'
System info: host: 'Kostiantyns-MacBook-Pro.local', ip: 'fe80:0:0:0:b1:d994:4a10:9ce4%en0', os.name: 'Mac OS X', os.arch: 'x86_64', os.version: '11.5.2', java.version: '17.0.1'
Driver info: org.openqa.selenium.chrome.ChromeDriver
Capabilities {acceptInsecureCerts: false, browserName: chrome, browserVersion: 100.0.4896.127, chrome: {chromedriverVersion: 100.0.4896.60 (6a5d10861ce8..., userDataDir: /var/folders/rp/64q7kqr11zx...}, goog:chromeOptions: {debuggerAddress: localhost:62663}, javascriptEnabled: true, networkConnectionEnabled: false, pageLoadStrategy: normal, platform: MAC, platformName: MAC, proxy: Proxy(), se:cdp: ws://localhost:62663/devtoo..., se:cdpVersion: 100.0.4896.127, setWindowRect: true, strictFileInteractability: false, timeouts: {implicit: 0, pageLoad: 300000, script: 30000}, unhandledPromptBehavior: dismiss and notify, webauthn:extension:credBlob: true, webauthn:extension:largeBlob: true, webauthn:virtualAuthenticators: true}
Session ID: 614a9bc9dec805da61100ca47a4e57f3
	at org.openqa.selenium.support.ui.WebDriverWait.timeoutException(WebDriverWait.java:87)
	at org.openqa.selenium.support.ui.FluentWait.until(FluentWait.java:231)
	at page.BasePage.waitVilibility(BasePage.java:26)
	at page.BasePage.isElementDisplayed(BasePage.java:37)
	at page.TaskSix.checkIfLoginSuccess(TaskSix.java:38)
	at steps.MyStepdefs6.iShouldSeeButton(MyStepdefs6.java:51)
	at ?.I should see Wyloguj button(file:///Users/kostiantynshchetinin/IdeaProjects/KOSNP/src/test/resources/task_six.feature:6)
&amp#27;[0m
]]></system-out>
    <system-err><![CDATA[???. 21, 2022 5:21:43 PM io.cucumber.junit.Cucumber <init>
WARNING: By default Cucumber is running in --non-strict mode.
This default will change to --strict and --non-strict will be removed.
You can use --strict or @CucumberOptions(strict = true) to suppress this warning
???. 21, 2022 5:21:43 PM io.cucumber.junit.Cucumber <init>
WARNING: By default Cucumber is running in --non-strict mode.
This default will change to --strict and --non-strict will be removed.
You can use --strict or @CucumberOptions(strict = true) to suppress this warning
SLF4J: Failed to load class "org.slf4j.impl.StaticLoggerBinder".
SLF4J: Defaulting to no-operation (NOP) logger implementation
SLF4J: See http://www.slf4j.org/codes.html#StaticLoggerBinder for further details.
Starting ChromeDriver 100.0.4896.60 (6a5d10861ce8de5fce22564658033b43cb7de047-refs/branch-heads/4896@{#875}) on port 65272
Only local connections are allowed.
Please see https://chromedriver.chromium.org/security-considerations for suggestions on keeping ChromeDriver safe.
ChromeDriver was started successfully.
???. 21, 2022 5:21:55 PM org.openqa.selenium.remote.ProtocolHandshake createSession
INFO: Detected dialect: W3C
???. 21, 2022 5:21:55 PM org.openqa.selenium.devtools.CdpVersionFinder findNearestMatch
WARNING: Unable to find an exact match for CDP version 100, so returning the closest version found: 99
???. 21, 2022 5:21:55 PM org.openqa.selenium.devtools.CdpVersionFinder findNearestMatch
INFO: Found CDP implementation for version 100 of 99
]]></system-err>
  </testcase>
  <testcase name="I want to login with different credentials" classname="I want to test task six" time="7.169">
    <failure type="org.opentest4j.AssertionFailedError"><![CDATA[org.opentest4j.AssertionFailedError: expected: <false> but was: <true>
]]></failure>
    <system-out><![CDATA[
Scenario Outline: I want to login with different credentials &amp#27;[90m# src/test/resources/task_six.feature:15&amp#27;[0m
  &amp#27;[32mGiven &amp#27;[0m&amp#27;[32mI go to main page&amp#27;[0m                                    &amp#27;[90m# steps.MyStepdefs6.iGoToMainPage()&amp#27;[0m
  &amp#27;[32mWhen &amp#27;[0m&amp#27;[32mI select &amp#27;[0m&amp#27;[32m&amp#27;[1m"6"&amp#27;[0m&amp#27;[32m task&amp#27;[0m                                     &amp#27;[90m# steps.MyStepdefs6.iSelectTask(java.lang.String)&amp#27;[0m
  &amp#27;[32mAnd &amp#27;[0m&amp#27;[32mI login as &amp#27;[0m&amp#27;[32m&amp#27;[1m"tester"&amp#27;[0m&amp#27;[32m with password &amp#27;[0m&amp#27;[32m&amp#27;[1m"123-xyz"&amp#27;[0m            &amp#27;[90m# steps.MyStepdefs6.iLoginAsWithPassword(java.lang.String,java.lang.String)&amp#27;[0m
  &amp#27;[31mThen &amp#27;[0m&amp#27;[31mI should &amp#27;[0m&amp#27;[31m&amp#27;[1mnot see&amp#27;[0m&amp#27;[31m Wyloguj button&amp#27;[0m                       &amp#27;[90m# steps.MyStepdefs6.iShouldSeeButton(java.lang.String)&amp#27;[0m
      &amp#27;[31morg.opentest4j.AssertionFailedError: expected: <false> but was: <true>
	at org.junit.jupiter.api.AssertionUtils.fail(AssertionUtils.java:55)
	at org.junit.jupiter.api.AssertFalse.assertFalse(AssertFalse.java:40)
	at org.junit.jupiter.api.AssertFalse.assertFalse(AssertFalse.java:35)
	at org.junit.jupiter.api.Assertions.assertFalse(Assertions.java:227)
	at page.BasePage.isElementNotDisplayed(BasePage.java:43)
	at page.TaskSix.checkIfLoginNotSuccess(TaskSix.java:43)
	at steps.MyStepdefs6.iShouldSeeButton(MyStepdefs6.java:53)
	at ?.I should not see Wyloguj button(file:///Users/kostiantynshchetinin/IdeaProjects/KOSNP/src/test/resources/task_six.feature:12)
&amp#27;[0m
]]></system-out>
    <system-err><![CDATA[Starting ChromeDriver 100.0.4896.60 (6a5d10861ce8de5fce22564658033b43cb7de047-refs/branch-heads/4896@{#875}) on port 50454
Only local connections are allowed.
Please see https://chromedriver.chromium.org/security-considerations for suggestions on keeping ChromeDriver safe.
ChromeDriver was started successfully.
???. 21, 2022 5:22:19 PM org.openqa.selenium.remote.ProtocolHandshake createSession
INFO: Detected dialect: W3C
???. 21, 2022 5:22:19 PM org.openqa.selenium.devtools.CdpVersionFinder findNearestMatch
WARNING: Unable to find an exact match for CDP version 100, so returning the closest version found: 99
???. 21, 2022 5:22:19 PM org.openqa.selenium.devtools.CdpVersionFinder findNearestMatch
INFO: Found CDP implementation for version 100 of 99
]]></system-err>
  </testcase>
  <testcase name="I want to login with different credentials" classname="I want to test task six" time="11.965">
    <system-out><![CDATA[
Scenario Outline: I want to login with different credentials &amp#27;[90m# src/test/resources/task_six.feature:16&amp#27;[0m
  &amp#27;[32mGiven &amp#27;[0m&amp#27;[32mI go to main page&amp#27;[0m                                    &amp#27;[90m# steps.MyStepdefs6.iGoToMainPage()&amp#27;[0m
  &amp#27;[32mWhen &amp#27;[0m&amp#27;[32mI select &amp#27;[0m&amp#27;[32m&amp#27;[1m"6"&amp#27;[0m&amp#27;[32m task&amp#27;[0m                                     &amp#27;[90m# steps.MyStepdefs6.iSelectTask(java.lang.String)&amp#27;[0m
  &amp#27;[32mAnd &amp#27;[0m&amp#27;[32mI login as &amp#27;[0m&amp#27;[32m&amp#27;[1m"tester2"&amp#27;[0m&amp#27;[32m with password &amp#27;[0m&amp#27;[32m&amp#27;[1m"123-xxx"&amp#27;[0m           &amp#27;[90m# steps.MyStepdefs6.iLoginAsWithPassword(java.lang.String,java.lang.String)&amp#27;[0m
  &amp#27;[32mThen &amp#27;[0m&amp#27;[32mI should &amp#27;[0m&amp#27;[32m&amp#27;[1mnot see&amp#27;[0m&amp#27;[32m Wyloguj button&amp#27;[0m                       &amp#27;[90m# steps.MyStepdefs6.iShouldSeeButton(java.lang.String)&amp#27;[0m
]]></system-out>
    <system-err><![CDATA[Starting ChromeDriver 100.0.4896.60 (6a5d10861ce8de5fce22564658033b43cb7de047-refs/branch-heads/4896@{#875}) on port 63992
Only local connections are allowed.
Please see https://chromedriver.chromium.org/security-considerations for suggestions on keeping ChromeDriver safe.
ChromeDriver was started successfully.
???. 21, 2022 5:22:26 PM org.openqa.selenium.remote.ProtocolHandshake createSession
INFO: Detected dialect: W3C
???. 21, 2022 5:22:26 PM org.openqa.selenium.devtools.CdpVersionFinder findNearestMatch
WARNING: Unable to find an exact match for CDP version 100, so returning the closest version found: 99
???. 21, 2022 5:22:26 PM org.openqa.selenium.devtools.CdpVersionFinder findNearestMatch
INFO: Found CDP implementation for version 100 of 99
]]></system-err>
  </testcase>
</testsuite>